[0.154s] DEBUG:colcon:Command line arguments: ['/usr/bin/colcon', 'build', '--packages-select', 'imu_reader']
[0.155s] DEBUG:colcon:Parsed command line arguments: Namespace(log_base=None, log_level=None, verb_name='build', build_base='build', install_base='install', merge_install=<colcon_core.argument_default.BooleanDefaultValue object at 0xffff99fae140>, symlink_install=<colcon_core.argument_default.BooleanDefaultValue object at 0xffff99fe6800>, test_result_base=None, continue_on_error=False, executor='parallel', parallel_workers=8, event_handlers=None, ignore_user_meta=False, metas=['./colcon.meta'], base_paths=['.'], packages_ignore=None, packages_ignore_regex=None, paths=None, packages_up_to=None, packages_up_to_regex=None, packages_above=None, packages_above_and_dependencies=None, packages_above_depth=None, packages_select_by_dep=None, packages_skip_by_dep=None, packages_skip_up_to=None, packages_select_build_failed=False, packages_skip_build_finished=False, packages_select_test_failures=False, packages_skip_test_passed=False, packages_select=['imu_reader'], packages_skip=None, packages_select_regex=None, packages_skip_regex=None, packages_start=None, packages_end=None, allow_overriding=[], cmake_args=None, cmake_target=None, cmake_target_skip_unavailable=False, cmake_clean_cache=False, cmake_clean_first=False, cmake_force_configure=False, ament_cmake_args=None, catkin_cmake_args=None, catkin_skip_building_tests=False, verb_parser=<colcon_defaults.argument_parser.defaults.DefaultArgumentsDecorator object at 0xffff99f4a1d0>, verb_extension=<colcon_core.verb.build.BuildVerb object at 0xffff9a08f670>, main=<bound method BuildVerb.main of <colcon_core.verb.build.BuildVerb object at 0xffff9a08f670>>)
[0.355s] Level 1:colcon.colcon_core.package_discovery:discover_packages(colcon_meta) check parameters
[0.356s] Level 1:colcon.colcon_core.package_discovery:discover_packages(recursive) check parameters
[0.356s] Level 1:colcon.colcon_core.package_discovery:discover_packages(ignore) check parameters
[0.356s] Level 1:colcon.colcon_core.package_discovery:discover_packages(path) check parameters
[0.356s] Level 1:colcon.colcon_core.package_discovery:discover_packages(colcon_meta) discover
[0.356s] Level 1:colcon.colcon_core.package_discovery:discover_packages(recursive) discover
[0.356s] INFO:colcon.colcon_core.package_discovery:Crawling recursively for packages in '/home/cat/ros_ws'
[0.356s] Level 1:colcon.colcon_core.package_identification:_identify(.) by extensions ['ignore', 'ignore_ament_install']
[0.356s] Level 1:colcon.colcon_core.package_identification:_identify(.) by extension 'ignore'
[0.356s] Level 1:colcon.colcon_core.package_identification:_identify(.) by extension 'ignore_ament_install'
[0.356s] Level 1:colcon.colcon_core.package_identification:_identify(.) by extensions ['colcon_pkg']
[0.356s] Level 1:colcon.colcon_core.package_identification:_identify(.) by extension 'colcon_pkg'
[0.357s] Level 1:colcon.colcon_core.package_identification:_identify(.) by extensions ['colcon_meta']
[0.357s] Level 1:colcon.colcon_core.package_identification:_identify(.) by extension 'colcon_meta'
[0.357s] Level 1:colcon.colcon_core.package_identification:_identify(.) by extensions ['ros']
[0.357s] Level 1:colcon.colcon_core.package_identification:_identify(.) by extension 'ros'
[0.377s] Level 1:colcon.colcon_core.package_identification:_identify(.) by extensions ['cmake', 'python']
[0.377s] Level 1:colcon.colcon_core.package_identification:_identify(.) by extension 'cmake'
[0.377s] Level 1:colcon.colcon_core.package_identification:_identify(.) by extension 'python'
[0.377s] Level 1:colcon.colcon_core.package_identification:_identify(.) by extensions ['python_setup_py']
[0.377s] Level 1:colcon.colcon_core.package_identification:_identify(.) by extension 'python_setup_py'
[0.378s] Level 1:colcon.colcon_core.package_identification:_identify(build) by extensions ['ignore', 'ignore_ament_install']
[0.378s] Level 1:colcon.colcon_core.package_identification:_identify(build) by extension 'ignore'
[0.378s] Level 1:colcon.colcon_core.package_identification:_identify(build) ignored
[0.378s] Level 1:colcon.colcon_core.package_identification:_identify(install) by extensions ['ignore', 'ignore_ament_install']
[0.378s] Level 1:colcon.colcon_core.package_identification:_identify(install) by extension 'ignore'
[0.378s] Level 1:colcon.colcon_core.package_identification:_identify(install) ignored
[0.378s] Level 1:colcon.colcon_core.package_identification:_identify(log) by extensions ['ignore', 'ignore_ament_install']
[0.378s] Level 1:colcon.colcon_core.package_identification:_identify(log) by extension 'ignore'
[0.379s] Level 1:colcon.colcon_core.package_identification:_identify(log) ignored
[0.379s] Level 1:colcon.colcon_core.package_identification:_identify(src) by extensions ['ignore', 'ignore_ament_install']
[0.379s] Level 1:colcon.colcon_core.package_identification:_identify(src) by extension 'ignore'
[0.379s] Level 1:colcon.colcon_core.package_identification:_identify(src) by extension 'ignore_ament_install'
[0.379s] Level 1:colcon.colcon_core.package_identification:_identify(src) by extensions ['colcon_pkg']
[0.379s] Level 1:colcon.colcon_core.package_identification:_identify(src) by extension 'colcon_pkg'
[0.379s] Level 1:colcon.colcon_core.package_identification:_identify(src) by extensions ['colcon_meta']
[0.379s] Level 1:colcon.colcon_core.package_identification:_identify(src) by extension 'colcon_meta'
[0.379s] Level 1:colcon.colcon_core.package_identification:_identify(src) by extensions ['ros']
[0.379s] Level 1:colcon.colcon_core.package_identification:_identify(src) by extension 'ros'
[0.379s] Level 1:colcon.colcon_core.package_identification:_identify(src) by extensions ['cmake', 'python']
[0.379s] Level 1:colcon.colcon_core.package_identification:_identify(src) by extension 'cmake'
[0.379s] Level 1:colcon.colcon_core.package_identification:_identify(src) by extension 'python'
[0.379s] Level 1:colcon.colcon_core.package_identification:_identify(src) by extensions ['python_setup_py']
[0.379s] Level 1:colcon.colcon_core.package_identification:_identify(src) by extension 'python_setup_py'
[0.379s] Level 1:colcon.colcon_core.package_identification:_identify(src/imu_reader) by extensions ['ignore', 'ignore_ament_install']
[0.380s] Level 1:colcon.colcon_core.package_identification:_identify(src/imu_reader) by extension 'ignore'
[0.380s] Level 1:colcon.colcon_core.package_identification:_identify(src/imu_reader) by extension 'ignore_ament_install'
[0.380s] Level 1:colcon.colcon_core.package_identification:_identify(src/imu_reader) by extensions ['colcon_pkg']
[0.380s] Level 1:colcon.colcon_core.package_identification:_identify(src/imu_reader) by extension 'colcon_pkg'
[0.380s] Level 1:colcon.colcon_core.package_identification:_identify(src/imu_reader) by extensions ['colcon_meta']
[0.380s] Level 1:colcon.colcon_core.package_identification:_identify(src/imu_reader) by extension 'colcon_meta'
[0.380s] Level 1:colcon.colcon_core.package_identification:_identify(src/imu_reader) by extensions ['ros']
[0.380s] Level 1:colcon.colcon_core.package_identification:_identify(src/imu_reader) by extension 'ros'
[0.384s] DEBUG:colcon.colcon_core.package_identification:Package 'src/imu_reader' with type 'ros.ament_cmake' and name 'imu_reader'
[0.384s] Level 1:colcon.colcon_core.package_identification:_identify(src/rknn_pool_yolo) by extensions ['ignore', 'ignore_ament_install']
[0.385s] Level 1:colcon.colcon_core.package_identification:_identify(src/rknn_pool_yolo) by extension 'ignore'
[0.385s] Level 1:colcon.colcon_core.package_identification:_identify(src/rknn_pool_yolo) by extension 'ignore_ament_install'
[0.385s] Level 1:colcon.colcon_core.package_identification:_identify(src/rknn_pool_yolo) by extensions ['colcon_pkg']
[0.385s] Level 1:colcon.colcon_core.package_identification:_identify(src/rknn_pool_yolo) by extension 'colcon_pkg'
[0.385s] Level 1:colcon.colcon_core.package_identification:_identify(src/rknn_pool_yolo) by extensions ['colcon_meta']
[0.385s] Level 1:colcon.colcon_core.package_identification:_identify(src/rknn_pool_yolo) by extension 'colcon_meta'
[0.385s] Level 1:colcon.colcon_core.package_identification:_identify(src/rknn_pool_yolo) by extensions ['ros']
[0.385s] Level 1:colcon.colcon_core.package_identification:_identify(src/rknn_pool_yolo) by extension 'ros'
[0.386s] DEBUG:colcon.colcon_core.package_identification:Package 'src/rknn_pool_yolo' with type 'ros.ament_python' and name 'rknn_pool_yolo'
[0.386s] Level 1:colcon.colcon_core.package_discovery:discover_packages(recursive) using defaults
[0.386s] Level 1:colcon.colcon_core.package_discovery:discover_packages(ignore) discover
[0.386s] Level 1:colcon.colcon_core.package_discovery:discover_packages(ignore) using defaults
[0.386s] Level 1:colcon.colcon_core.package_discovery:discover_packages(path) discover
[0.386s] Level 1:colcon.colcon_core.package_discovery:discover_packages(path) using defaults
[0.415s] INFO:colcon.colcon_core.package_selection:Skipping not selected package 'rknn_pool_yolo' in 'src/rknn_pool_yolo'
[0.416s] Level 1:colcon.colcon_core.package_discovery:discover_packages(prefix_path) check parameters
[0.416s] Level 1:colcon.colcon_core.package_discovery:discover_packages(prefix_path) discover
[0.419s] DEBUG:colcon.colcon_installed_package_information.package_discovery:Found 2 installed packages in /home/cat/ros_ws/install
[0.420s] DEBUG:colcon.colcon_installed_package_information.package_discovery:Found 183 installed packages in /opt/ros/humble
[0.421s] Level 1:colcon.colcon_core.package_discovery:discover_packages(prefix_path) using defaults
[0.499s] Level 5:colcon.colcon_core.verb:set package 'imu_reader' build argument 'cmake_args' from command line to 'None'
[0.499s] Level 5:colcon.colcon_core.verb:set package 'imu_reader' build argument 'cmake_target' from command line to 'None'
[0.499s] Level 5:colcon.colcon_core.verb:set package 'imu_reader' build argument 'cmake_target_skip_unavailable' from command line to 'False'
[0.499s] Level 5:colcon.colcon_core.verb:set package 'imu_reader' build argument 'cmake_clean_cache' from command line to 'False'
[0.499s] Level 5:colcon.colcon_core.verb:set package 'imu_reader' build argument 'cmake_clean_first' from command line to 'False'
[0.499s] Level 5:colcon.colcon_core.verb:set package 'imu_reader' build argument 'cmake_force_configure' from command line to 'False'
[0.500s] Level 5:colcon.colcon_core.verb:set package 'imu_reader' build argument 'ament_cmake_args' from command line to 'None'
[0.500s] Level 5:colcon.colcon_core.verb:set package 'imu_reader' build argument 'catkin_cmake_args' from command line to 'None'
[0.500s] Level 5:colcon.colcon_core.verb:set package 'imu_reader' build argument 'catkin_skip_building_tests' from command line to 'False'
[0.500s] DEBUG:colcon.colcon_core.verb:Building package 'imu_reader' with the following arguments: {'ament_cmake_args': None, 'build_base': '/home/cat/ros_ws/build/imu_reader', 'catkin_cmake_args': None, 'catkin_skip_building_tests': False, 'cmake_args': None, 'cmake_clean_cache': False, 'cmake_clean_first': False, 'cmake_force_configure': False, 'cmake_target': None, 'cmake_target_skip_unavailable': False, 'install_base': '/home/cat/ros_ws/install', 'merge_install': <colcon_core.argument_default.BooleanDefaultValue object at 0xffff99fae140>, 'path': '/home/cat/ros_ws/src/imu_reader', 'symlink_install': <colcon_core.argument_default.BooleanDefaultValue object at 0xffff99fe6800>, 'test_result_base': None}
[0.500s] INFO:colcon.colcon_core.executor:Executing jobs using 'parallel' executor
[0.502s] DEBUG:colcon.colcon_parallel_executor.executor.parallel:run_until_complete
[0.502s] INFO:colcon.colcon_ros.task.ament_cmake.build:Building ROS package in '/home/cat/ros_ws/src/imu_reader' with build type 'ament_cmake'
[0.503s] INFO:colcon.colcon_cmake.task.cmake.build:Building CMake package in '/home/cat/ros_ws/src/imu_reader'
[0.507s] INFO:colcon.colcon_core.plugin_system:Skipping extension 'colcon_core.shell.bat': Not used on non-Windows systems
[0.507s] INFO:colcon.colcon_core.shell:Skip shell extension 'powershell' for command environment: Not usable outside of PowerShell
[0.507s] DEBUG:colcon.colcon_core.shell:Skip shell extension 'dsv' for command environment
[0.526s] DEBUG:colcon.colcon_core.event_handler.log_command:Invoking command in '/home/cat/ros_ws/build/imu_reader': CMAKE_PREFIX_PATH=${CMAKE_PREFIX_PATH}:/opt/ros/humble CONDA_PROMPT_MODIFIER=(convert310) /usr/bin/cmake --build /home/cat/ros_ws/build/imu_reader -- -j8 -l8
[10.225s] DEBUG:colcon.colcon_core.event_handler.log_command:Invoked command in '/home/cat/ros_ws/build/imu_reader' returned '0': CMAKE_PREFIX_PATH=${CMAKE_PREFIX_PATH}:/opt/ros/humble CONDA_PROMPT_MODIFIER=(convert310) /usr/bin/cmake --build /home/cat/ros_ws/build/imu_reader -- -j8 -l8
[10.247s] DEBUG:colcon.colcon_core.event_handler.log_command:Invoking command in '/home/cat/ros_ws/build/imu_reader': CMAKE_PREFIX_PATH=${CMAKE_PREFIX_PATH}:/opt/ros/humble CONDA_PROMPT_MODIFIER=(convert310) /usr/bin/cmake --install /home/cat/ros_ws/build/imu_reader
[10.744s] Level 1:colcon.colcon_core.environment:create_environment_scripts_only(imu_reader)
[10.746s] DEBUG:colcon.colcon_core.event_handler.log_command:Invoked command in '/home/cat/ros_ws/build/imu_reader' returned '0': CMAKE_PREFIX_PATH=${CMAKE_PREFIX_PATH}:/opt/ros/humble CONDA_PROMPT_MODIFIER=(convert310) /usr/bin/cmake --install /home/cat/ros_ws/build/imu_reader
[10.750s] Level 1:colcon.colcon_core.environment:checking '/home/cat/ros_ws/install' for CMake module files
[10.751s] Level 1:colcon.colcon_core.environment:checking '/home/cat/ros_ws/install' for CMake config files
[10.752s] Level 1:colcon.colcon_core.shell:create_environment_hook('imu_reader', 'cmake_prefix_path')
[10.752s] INFO:colcon.colcon_core.shell:Creating environment hook '/home/cat/ros_ws/install/share/imu_reader/hook/cmake_prefix_path.ps1'
[10.753s] INFO:colcon.colcon_core.shell:Creating environment descriptor '/home/cat/ros_ws/install/share/imu_reader/hook/cmake_prefix_path.dsv'
[10.754s] INFO:colcon.colcon_core.shell:Creating environment hook '/home/cat/ros_ws/install/share/imu_reader/hook/cmake_prefix_path.sh'
[10.755s] Level 1:colcon.colcon_core.environment:checking '/home/cat/ros_ws/install/lib'
[10.756s] Level 1:colcon.colcon_core.environment:checking '/home/cat/ros_ws/install/bin'
[10.756s] Level 1:colcon.colcon_core.shell:create_environment_hook('imu_reader', 'path')
[10.756s] INFO:colcon.colcon_core.shell:Creating environment hook '/home/cat/ros_ws/install/share/imu_reader/hook/path.ps1'
[10.757s] INFO:colcon.colcon_core.shell:Creating environment descriptor '/home/cat/ros_ws/install/share/imu_reader/hook/path.dsv'
[10.757s] INFO:colcon.colcon_core.shell:Creating environment hook '/home/cat/ros_ws/install/share/imu_reader/hook/path.sh'
[10.758s] Level 1:colcon.colcon_core.environment:checking '/home/cat/ros_ws/install/lib/pkgconfig/imu_reader.pc'
[10.758s] Level 1:colcon.colcon_core.environment:checking '/home/cat/ros_ws/install/lib/python3.10/site-packages'
[10.758s] Level 1:colcon.colcon_core.shell:create_environment_hook('imu_reader', 'pythonpath')
[10.759s] INFO:colcon.colcon_core.shell:Creating environment hook '/home/cat/ros_ws/install/share/imu_reader/hook/pythonpath.ps1'
[10.759s] INFO:colcon.colcon_core.shell:Creating environment descriptor '/home/cat/ros_ws/install/share/imu_reader/hook/pythonpath.dsv'
[10.760s] INFO:colcon.colcon_core.shell:Creating environment hook '/home/cat/ros_ws/install/share/imu_reader/hook/pythonpath.sh'
[10.760s] Level 1:colcon.colcon_core.environment:checking '/home/cat/ros_ws/install/bin'
[10.760s] Level 1:colcon.colcon_core.shell:create_environment_hook('imu_reader', 'pythonscriptspath')
[10.761s] INFO:colcon.colcon_core.shell:Creating environment hook '/home/cat/ros_ws/install/share/imu_reader/hook/pythonscriptspath.ps1'
[10.761s] INFO:colcon.colcon_core.shell:Creating environment descriptor '/home/cat/ros_ws/install/share/imu_reader/hook/pythonscriptspath.dsv'
[10.762s] INFO:colcon.colcon_core.shell:Creating environment hook '/home/cat/ros_ws/install/share/imu_reader/hook/pythonscriptspath.sh'
[10.763s] INFO:colcon.colcon_core.shell:Creating package script '/home/cat/ros_ws/install/share/imu_reader/package.ps1'
[10.764s] INFO:colcon.colcon_core.shell:Creating package descriptor '/home/cat/ros_ws/install/share/imu_reader/package.dsv'
[10.765s] INFO:colcon.colcon_core.shell:Creating package script '/home/cat/ros_ws/install/share/imu_reader/package.sh'
[10.766s] INFO:colcon.colcon_core.shell:Creating package script '/home/cat/ros_ws/install/share/imu_reader/package.bash'
[10.767s] INFO:colcon.colcon_core.shell:Creating package script '/home/cat/ros_ws/install/share/imu_reader/package.zsh'
[10.768s] Level 1:colcon.colcon_core.environment:create_file_with_runtime_dependencies(/home/cat/ros_ws/install/share/colcon-core/packages/imu_reader)
[10.769s] Level 1:colcon.colcon_core.environment:create_environment_scripts_only(imu_reader)
[10.769s] Level 1:colcon.colcon_core.environment:checking '/home/cat/ros_ws/install' for CMake module files
[10.770s] Level 1:colcon.colcon_core.environment:checking '/home/cat/ros_ws/install' for CMake config files
[10.770s] Level 1:colcon.colcon_core.shell:create_environment_hook('imu_reader', 'cmake_prefix_path')
[10.771s] INFO:colcon.colcon_core.shell:Creating environment hook '/home/cat/ros_ws/install/share/imu_reader/hook/cmake_prefix_path.ps1'
[10.771s] INFO:colcon.colcon_core.shell:Creating environment descriptor '/home/cat/ros_ws/install/share/imu_reader/hook/cmake_prefix_path.dsv'
[10.772s] INFO:colcon.colcon_core.shell:Creating environment hook '/home/cat/ros_ws/install/share/imu_reader/hook/cmake_prefix_path.sh'
[10.772s] Level 1:colcon.colcon_core.environment:checking '/home/cat/ros_ws/install/lib'
[10.773s] Level 1:colcon.colcon_core.environment:checking '/home/cat/ros_ws/install/bin'
[10.773s] Level 1:colcon.colcon_core.shell:create_environment_hook('imu_reader', 'path')
[10.773s] INFO:colcon.colcon_core.shell:Creating environment hook '/home/cat/ros_ws/install/share/imu_reader/hook/path.ps1'
[10.773s] INFO:colcon.colcon_core.shell:Creating environment descriptor '/home/cat/ros_ws/install/share/imu_reader/hook/path.dsv'
[10.774s] INFO:colcon.colcon_core.shell:Creating environment hook '/home/cat/ros_ws/install/share/imu_reader/hook/path.sh'
[10.774s] Level 1:colcon.colcon_core.environment:checking '/home/cat/ros_ws/install/lib/pkgconfig/imu_reader.pc'
[10.775s] Level 1:colcon.colcon_core.environment:checking '/home/cat/ros_ws/install/lib/python3.10/site-packages'
[10.775s] Level 1:colcon.colcon_core.shell:create_environment_hook('imu_reader', 'pythonpath')
[10.775s] INFO:colcon.colcon_core.shell:Creating environment hook '/home/cat/ros_ws/install/share/imu_reader/hook/pythonpath.ps1'
[10.776s] INFO:colcon.colcon_core.shell:Creating environment descriptor '/home/cat/ros_ws/install/share/imu_reader/hook/pythonpath.dsv'
[10.776s] INFO:colcon.colcon_core.shell:Creating environment hook '/home/cat/ros_ws/install/share/imu_reader/hook/pythonpath.sh'
[10.777s] Level 1:colcon.colcon_core.environment:checking '/home/cat/ros_ws/install/bin'
[10.777s] Level 1:colcon.colcon_core.shell:create_environment_hook('imu_reader', 'pythonscriptspath')
[10.777s] INFO:colcon.colcon_core.shell:Creating environment hook '/home/cat/ros_ws/install/share/imu_reader/hook/pythonscriptspath.ps1'
[10.778s] INFO:colcon.colcon_core.shell:Creating environment descriptor '/home/cat/ros_ws/install/share/imu_reader/hook/pythonscriptspath.dsv'
[10.778s] INFO:colcon.colcon_core.shell:Creating environment hook '/home/cat/ros_ws/install/share/imu_reader/hook/pythonscriptspath.sh'
[10.779s] INFO:colcon.colcon_core.shell:Creating package script '/home/cat/ros_ws/install/share/imu_reader/package.ps1'
[10.780s] INFO:colcon.colcon_core.shell:Creating package descriptor '/home/cat/ros_ws/install/share/imu_reader/package.dsv'
[10.780s] INFO:colcon.colcon_core.shell:Creating package script '/home/cat/ros_ws/install/share/imu_reader/package.sh'
[10.781s] INFO:colcon.colcon_core.shell:Creating package script '/home/cat/ros_ws/install/share/imu_reader/package.bash'
[10.782s] INFO:colcon.colcon_core.shell:Creating package script '/home/cat/ros_ws/install/share/imu_reader/package.zsh'
[10.782s] Level 1:colcon.colcon_core.environment:create_file_with_runtime_dependencies(/home/cat/ros_ws/install/share/colcon-core/packages/imu_reader)
[10.783s] DEBUG:colcon.colcon_parallel_executor.executor.parallel:closing loop
[10.784s] DEBUG:colcon.colcon_parallel_executor.executor.parallel:loop closed
[10.784s] DEBUG:colcon.colcon_parallel_executor.executor.parallel:run_until_complete finished with '0'
[10.784s] DEBUG:colcon.colcon_core.event_reactor:joining thread
[10.806s] INFO:colcon.colcon_core.plugin_system:Skipping extension 'colcon_notification.desktop_notification.terminal_notifier': Not used on non-Darwin systems
[10.806s] INFO:colcon.colcon_core.plugin_system:Skipping extension 'colcon_notification.desktop_notification.win32': Not used on non-Windows systems
[10.807s] INFO:colcon.colcon_notification.desktop_notification:Sending desktop notification using 'notify2'
[35.834s] DEBUG:colcon.colcon_notification.desktop_notification.notify2:Failed to initialize notify2: org.freedesktop.DBus.Error.NoReply: Did not receive a reply. Possible causes include: the remote application did not send a reply, the message bus security policy blocked the reply, the reply timeout expired, or the network connection was broken.
[35.835s] DEBUG:colcon.colcon_core.event_reactor:joined thread
[35.836s] INFO:colcon.colcon_core.shell:Creating prefix script '/home/cat/ros_ws/install/local_setup.ps1'
[35.838s] INFO:colcon.colcon_core.shell:Creating prefix util module '/home/cat/ros_ws/install/_local_setup_util_ps1.py'
[35.841s] INFO:colcon.colcon_core.shell:Creating prefix chain script '/home/cat/ros_ws/install/setup.ps1'
[35.842s] INFO:colcon.colcon_core.shell:Creating prefix script '/home/cat/ros_ws/install/local_setup.sh'
[35.843s] INFO:colcon.colcon_core.shell:Creating prefix util module '/home/cat/ros_ws/install/_local_setup_util_sh.py'
[35.844s] INFO:colcon.colcon_core.shell:Creating prefix chain script '/home/cat/ros_ws/install/setup.sh'
[35.846s] INFO:colcon.colcon_core.shell:Creating prefix script '/home/cat/ros_ws/install/local_setup.bash'
[35.846s] INFO:colcon.colcon_core.shell:Creating prefix chain script '/home/cat/ros_ws/install/setup.bash'
[35.848s] INFO:colcon.colcon_core.shell:Creating prefix script '/home/cat/ros_ws/install/local_setup.zsh'
[35.848s] INFO:colcon.colcon_core.shell:Creating prefix chain script '/home/cat/ros_ws/install/setup.zsh'
