-- Found ament_cmake: 1.3.12 (/opt/ros/humble/share/ament_cmake/cmake)
-- Override CMake install command with custom implementation using symlinks instead of copying resources
-- Found rclcpp: 16.0.14 (/opt/ros/humble/share/rclcpp/cmake)
-- Found rosidl_generator_c: 3.1.7 (/opt/ros/humble/share/rosidl_generator_c/cmake)
-- Found rosidl_adapter: 3.1.7 (/opt/ros/humble/share/rosidl_adapter/cmake)
-- Found rosidl_generator_cpp: 3.1.7 (/opt/ros/humble/share/rosidl_generator_cpp/cmake)
-- Using all available rosidl_typesupport_c: rosidl_typesupport_fastrtps_c;rosidl_typesupport_introspection_c
-- Using all available rosidl_typesupport_cpp: rosidl_typesupport_fastrtps_cpp;rosidl_typesupport_introspection_cpp
-- Found rmw_implementation_cmake: 6.1.2 (/opt/ros/humble/share/rmw_implementation_cmake/cmake)
-- Found rmw_fastrtps_cpp: 6.2.8 (/opt/ros/humble/share/rmw_fastrtps_cpp/cmake)
-- Using RMW implementation 'rmw_fastrtps_cpp' as default
-- Found sensor_msgs: 4.9.0 (/opt/ros/humble/share/sensor_msgs/cmake)
-- Configuring done
-- Generating done
-- Build files have been written to: /home/cat/ros_ws/build/imu_reader
[ 50%] [32mBuilding CXX object CMakeFiles/imu_reader.dir/src/imu_reader.cpp.o[0m
[100%] [32m[1mLinking CXX executable imu_reader[0m
[100%] Built target imu_reader
-- Install configuration: ""
-- Execute custom install script
-- Symlinking: /home/cat/ros_ws/install/lib/imu_reader/imu_reader
-- Symlinking: /home/cat/ros_ws/install/share/ament_index/resource_index/package_run_dependencies/imu_reader
-- Symlinking: /home/cat/ros_ws/install/share/ament_index/resource_index/parent_prefix_path/imu_reader
-- Symlinking: /home/cat/ros_ws/install/share/imu_reader/environment/ament_prefix_path.sh
-- Symlinking: /home/cat/ros_ws/install/share/imu_reader/environment/ament_prefix_path.dsv
-- Symlinking: /home/cat/ros_ws/install/share/imu_reader/environment/path.sh
-- Symlinking: /home/cat/ros_ws/install/share/imu_reader/environment/path.dsv
-- Symlinking: /home/cat/ros_ws/install/share/imu_reader/local_setup.bash
-- Symlinking: /home/cat/ros_ws/install/share/imu_reader/local_setup.sh
-- Symlinking: /home/cat/ros_ws/install/share/imu_reader/local_setup.zsh
-- Symlinking: /home/cat/ros_ws/install/share/imu_reader/local_setup.dsv
-- Symlinking: /home/cat/ros_ws/install/share/imu_reader/package.dsv
-- Symlinking: /home/cat/ros_ws/install/share/ament_index/resource_index/packages/imu_reader
-- Symlinking: /home/cat/ros_ws/install/share/imu_reader/cmake/imu_readerConfig.cmake
-- Symlinking: /home/cat/ros_ws/install/share/imu_reader/cmake/imu_readerConfig-version.cmake
-- Symlinking: /home/cat/ros_ws/install/share/imu_reader/package.xml
