[0.162s] DEBUG:colcon:Command line arguments: ['/usr/bin/colcon', 'build', '--merge-install', '--symlink-install', '--packages-select', 'rknn_pool_yolo']
[0.162s] DEBUG:colcon:Parsed command line arguments: Namespace(log_base=None, log_level=None, verb_name='build', build_base='build', install_base='install', merge_install=True, symlink_install=True, test_result_base=None, continue_on_error=False, executor='parallel', parallel_workers=8, event_handlers=None, ignore_user_meta=False, metas=['./colcon.meta'], base_paths=['.'], packages_ignore=None, packages_ignore_regex=None, paths=None, packages_up_to=None, packages_up_to_regex=None, packages_above=None, packages_above_and_dependencies=None, packages_above_depth=None, packages_select_by_dep=None, packages_skip_by_dep=None, packages_skip_up_to=None, packages_select_build_failed=False, packages_skip_build_finished=False, packages_select_test_failures=False, packages_skip_test_passed=False, packages_select=['rknn_pool_yolo'], packages_skip=None, packages_select_regex=None, packages_skip_regex=None, packages_start=None, packages_end=None, allow_overriding=[], cmake_args=None, cmake_target=None, cmake_target_skip_unavailable=False, cmake_clean_cache=False, cmake_clean_first=False, cmake_force_configure=False, ament_cmake_args=None, catkin_cmake_args=None, catkin_skip_building_tests=False, verb_parser=<colcon_defaults.argument_parser.defaults.DefaultArgumentsDecorator object at 0xffff8de72170>, verb_extension=<colcon_core.verb.build.BuildVerb object at 0xffff8dfcb610>, main=<bound method BuildVerb.main of <colcon_core.verb.build.BuildVerb object at 0xffff8dfcb610>>)
[0.368s] Level 1:colcon.colcon_core.package_discovery:discover_packages(colcon_meta) check parameters
[0.368s] Level 1:colcon.colcon_core.package_discovery:discover_packages(recursive) check parameters
[0.368s] Level 1:colcon.colcon_core.package_discovery:discover_packages(ignore) check parameters
[0.368s] Level 1:colcon.colcon_core.package_discovery:discover_packages(path) check parameters
[0.368s] Level 1:colcon.colcon_core.package_discovery:discover_packages(colcon_meta) discover
[0.368s] Level 1:colcon.colcon_core.package_discovery:discover_packages(recursive) discover
[0.368s] INFO:colcon.colcon_core.package_discovery:Crawling recursively for packages in '/home/cat/ros_ws'
[0.368s] Level 1:colcon.colcon_core.package_identification:_identify(.) by extensions ['ignore', 'ignore_ament_install']
[0.369s] Level 1:colcon.colcon_core.package_identification:_identify(.) by extension 'ignore'
[0.369s] Level 1:colcon.colcon_core.package_identification:_identify(.) by extension 'ignore_ament_install'
[0.369s] Level 1:colcon.colcon_core.package_identification:_identify(.) by extensions ['colcon_pkg']
[0.369s] Level 1:colcon.colcon_core.package_identification:_identify(.) by extension 'colcon_pkg'
[0.369s] Level 1:colcon.colcon_core.package_identification:_identify(.) by extensions ['colcon_meta']
[0.369s] Level 1:colcon.colcon_core.package_identification:_identify(.) by extension 'colcon_meta'
[0.369s] Level 1:colcon.colcon_core.package_identification:_identify(.) by extensions ['ros']
[0.369s] Level 1:colcon.colcon_core.package_identification:_identify(.) by extension 'ros'
[0.391s] Level 1:colcon.colcon_core.package_identification:_identify(.) by extensions ['cmake', 'python']
[0.391s] Level 1:colcon.colcon_core.package_identification:_identify(.) by extension 'cmake'
[0.391s] Level 1:colcon.colcon_core.package_identification:_identify(.) by extension 'python'
[0.391s] Level 1:colcon.colcon_core.package_identification:_identify(.) by extensions ['python_setup_py']
[0.391s] Level 1:colcon.colcon_core.package_identification:_identify(.) by extension 'python_setup_py'
[0.392s] Level 1:colcon.colcon_core.package_identification:_identify(build) by extensions ['ignore', 'ignore_ament_install']
[0.392s] Level 1:colcon.colcon_core.package_identification:_identify(build) by extension 'ignore'
[0.392s] Level 1:colcon.colcon_core.package_identification:_identify(build) ignored
[0.392s] Level 1:colcon.colcon_core.package_identification:_identify(install) by extensions ['ignore', 'ignore_ament_install']
[0.392s] Level 1:colcon.colcon_core.package_identification:_identify(install) by extension 'ignore'
[0.393s] Level 1:colcon.colcon_core.package_identification:_identify(install) ignored
[0.393s] Level 1:colcon.colcon_core.package_identification:_identify(log) by extensions ['ignore', 'ignore_ament_install']
[0.393s] Level 1:colcon.colcon_core.package_identification:_identify(log) by extension 'ignore'
[0.393s] Level 1:colcon.colcon_core.package_identification:_identify(log) ignored
[0.393s] Level 1:colcon.colcon_core.package_identification:_identify(src) by extensions ['ignore', 'ignore_ament_install']
[0.393s] Level 1:colcon.colcon_core.package_identification:_identify(src) by extension 'ignore'
[0.393s] Level 1:colcon.colcon_core.package_identification:_identify(src) by extension 'ignore_ament_install'
[0.393s] Level 1:colcon.colcon_core.package_identification:_identify(src) by extensions ['colcon_pkg']
[0.393s] Level 1:colcon.colcon_core.package_identification:_identify(src) by extension 'colcon_pkg'
[0.393s] Level 1:colcon.colcon_core.package_identification:_identify(src) by extensions ['colcon_meta']
[0.393s] Level 1:colcon.colcon_core.package_identification:_identify(src) by extension 'colcon_meta'
[0.393s] Level 1:colcon.colcon_core.package_identification:_identify(src) by extensions ['ros']
[0.393s] Level 1:colcon.colcon_core.package_identification:_identify(src) by extension 'ros'
[0.394s] Level 1:colcon.colcon_core.package_identification:_identify(src) by extensions ['cmake', 'python']
[0.394s] Level 1:colcon.colcon_core.package_identification:_identify(src) by extension 'cmake'
[0.394s] Level 1:colcon.colcon_core.package_identification:_identify(src) by extension 'python'
[0.394s] Level 1:colcon.colcon_core.package_identification:_identify(src) by extensions ['python_setup_py']
[0.394s] Level 1:colcon.colcon_core.package_identification:_identify(src) by extension 'python_setup_py'
[0.394s] Level 1:colcon.colcon_core.package_identification:_identify(src/imu_reader) by extensions ['ignore', 'ignore_ament_install']
[0.394s] Level 1:colcon.colcon_core.package_identification:_identify(src/imu_reader) by extension 'ignore'
[0.394s] Level 1:colcon.colcon_core.package_identification:_identify(src/imu_reader) by extension 'ignore_ament_install'
[0.394s] Level 1:colcon.colcon_core.package_identification:_identify(src/imu_reader) by extensions ['colcon_pkg']
[0.394s] Level 1:colcon.colcon_core.package_identification:_identify(src/imu_reader) by extension 'colcon_pkg'
[0.394s] Level 1:colcon.colcon_core.package_identification:_identify(src/imu_reader) by extensions ['colcon_meta']
[0.394s] Level 1:colcon.colcon_core.package_identification:_identify(src/imu_reader) by extension 'colcon_meta'
[0.394s] Level 1:colcon.colcon_core.package_identification:_identify(src/imu_reader) by extensions ['ros']
[0.394s] Level 1:colcon.colcon_core.package_identification:_identify(src/imu_reader) by extension 'ros'
[0.399s] DEBUG:colcon.colcon_core.package_identification:Package 'src/imu_reader' with type 'ros.ament_cmake' and name 'imu_reader'
[0.399s] Level 1:colcon.colcon_core.package_identification:_identify(src/rknn_pool_yolo) by extensions ['ignore', 'ignore_ament_install']
[0.399s] Level 1:colcon.colcon_core.package_identification:_identify(src/rknn_pool_yolo) by extension 'ignore'
[0.399s] Level 1:colcon.colcon_core.package_identification:_identify(src/rknn_pool_yolo) by extension 'ignore_ament_install'
[0.399s] Level 1:colcon.colcon_core.package_identification:_identify(src/rknn_pool_yolo) by extensions ['colcon_pkg']
[0.399s] Level 1:colcon.colcon_core.package_identification:_identify(src/rknn_pool_yolo) by extension 'colcon_pkg'
[0.399s] Level 1:colcon.colcon_core.package_identification:_identify(src/rknn_pool_yolo) by extensions ['colcon_meta']
[0.400s] Level 1:colcon.colcon_core.package_identification:_identify(src/rknn_pool_yolo) by extension 'colcon_meta'
[0.400s] Level 1:colcon.colcon_core.package_identification:_identify(src/rknn_pool_yolo) by extensions ['ros']
[0.400s] Level 1:colcon.colcon_core.package_identification:_identify(src/rknn_pool_yolo) by extension 'ros'
[0.401s] DEBUG:colcon.colcon_core.package_identification:Package 'src/rknn_pool_yolo' with type 'ros.ament_python' and name 'rknn_pool_yolo'
[0.401s] Level 1:colcon.colcon_core.package_discovery:discover_packages(recursive) using defaults
[0.401s] Level 1:colcon.colcon_core.package_discovery:discover_packages(ignore) discover
[0.401s] Level 1:colcon.colcon_core.package_discovery:discover_packages(ignore) using defaults
[0.401s] Level 1:colcon.colcon_core.package_discovery:discover_packages(path) discover
[0.401s] Level 1:colcon.colcon_core.package_discovery:discover_packages(path) using defaults
[0.436s] INFO:colcon.colcon_core.package_selection:Skipping not selected package 'imu_reader' in 'src/imu_reader'
[0.437s] Level 1:colcon.colcon_core.package_discovery:discover_packages(prefix_path) check parameters
[0.437s] Level 1:colcon.colcon_core.package_discovery:discover_packages(prefix_path) discover
[0.440s] DEBUG:colcon.colcon_installed_package_information.package_discovery:Found 1 installed packages in /home/cat/ros_ws/install
[0.441s] DEBUG:colcon.colcon_installed_package_information.package_discovery:Found 183 installed packages in /opt/ros/humble
[0.443s] Level 1:colcon.colcon_core.package_discovery:discover_packages(prefix_path) using defaults
[0.522s] Level 5:colcon.colcon_core.verb:set package 'rknn_pool_yolo' build argument 'cmake_args' from command line to 'None'
[0.522s] Level 5:colcon.colcon_core.verb:set package 'rknn_pool_yolo' build argument 'cmake_target' from command line to 'None'
[0.522s] Level 5:colcon.colcon_core.verb:set package 'rknn_pool_yolo' build argument 'cmake_target_skip_unavailable' from command line to 'False'
[0.523s] Level 5:colcon.colcon_core.verb:set package 'rknn_pool_yolo' build argument 'cmake_clean_cache' from command line to 'False'
[0.523s] Level 5:colcon.colcon_core.verb:set package 'rknn_pool_yolo' build argument 'cmake_clean_first' from command line to 'False'
[0.523s] Level 5:colcon.colcon_core.verb:set package 'rknn_pool_yolo' build argument 'cmake_force_configure' from command line to 'False'
[0.523s] Level 5:colcon.colcon_core.verb:set package 'rknn_pool_yolo' build argument 'ament_cmake_args' from command line to 'None'
[0.523s] Level 5:colcon.colcon_core.verb:set package 'rknn_pool_yolo' build argument 'catkin_cmake_args' from command line to 'None'
[0.523s] Level 5:colcon.colcon_core.verb:set package 'rknn_pool_yolo' build argument 'catkin_skip_building_tests' from command line to 'False'
[0.523s] DEBUG:colcon.colcon_core.verb:Building package 'rknn_pool_yolo' with the following arguments: {'ament_cmake_args': None, 'build_base': '/home/cat/ros_ws/build/rknn_pool_yolo', 'catkin_cmake_args': None, 'catkin_skip_building_tests': False, 'cmake_args': None, 'cmake_clean_cache': False, 'cmake_clean_first': False, 'cmake_force_configure': False, 'cmake_target': None, 'cmake_target_skip_unavailable': False, 'install_base': '/home/cat/ros_ws/install', 'merge_install': True, 'path': '/home/cat/ros_ws/src/rknn_pool_yolo', 'symlink_install': True, 'test_result_base': None}
[0.523s] INFO:colcon.colcon_core.executor:Executing jobs using 'parallel' executor
[0.525s] DEBUG:colcon.colcon_parallel_executor.executor.parallel:run_until_complete
[0.526s] INFO:colcon.colcon_ros.task.ament_python.build:Building ROS package in '/home/cat/ros_ws/src/rknn_pool_yolo' with build type 'ament_python'
[0.526s] Level 1:colcon.colcon_core.shell:create_environment_hook('rknn_pool_yolo', 'ament_prefix_path')
[0.530s] INFO:colcon.colcon_core.plugin_system:Skipping extension 'colcon_core.shell.bat': Not used on non-Windows systems
[0.531s] INFO:colcon.colcon_core.shell:Creating environment hook '/home/cat/ros_ws/install/share/rknn_pool_yolo/hook/ament_prefix_path.ps1'
[0.532s] INFO:colcon.colcon_core.shell:Creating environment descriptor '/home/cat/ros_ws/install/share/rknn_pool_yolo/hook/ament_prefix_path.dsv'
[0.533s] INFO:colcon.colcon_core.shell:Creating environment hook '/home/cat/ros_ws/install/share/rknn_pool_yolo/hook/ament_prefix_path.sh'
[0.534s] INFO:colcon.colcon_core.shell:Skip shell extension 'powershell' for command environment: Not usable outside of PowerShell
[0.534s] DEBUG:colcon.colcon_core.shell:Skip shell extension 'dsv' for command environment
[0.912s] INFO:colcon.colcon_core.task.python.build:Building Python package in '/home/cat/ros_ws/src/rknn_pool_yolo'
[0.913s] INFO:colcon.colcon_core.shell:Skip shell extension 'powershell' for command environment: Not usable outside of PowerShell
[0.913s] DEBUG:colcon.colcon_core.shell:Skip shell extension 'dsv' for command environment
[1.424s] DEBUG:colcon.colcon_core.event_handler.log_command:Invoking command in '/home/cat/ros_ws/build/rknn_pool_yolo': CONDA_PROMPT_MODIFIER=(convert310) PYTHONPATH=/home/cat/ros_ws/build/rknn_pool_yolo/prefix_override:/usr/lib/python3/dist-packages/colcon_core/task/python/colcon_distutils_commands:/home/cat/ros_ws/install/lib/python3.10/site-packages:${PYTHONPATH} /usr/bin/python3 -W ignore:setup.py install is deprecated -W ignore:easy_install command is deprecated setup.py develop --editable --build-directory /home/cat/ros_ws/build/rknn_pool_yolo/build --no-deps symlink_data
[2.020s] Level 1:colcon.colcon_core.shell:create_environment_hook('rknn_pool_yolo', 'pythonpath_develop')
[2.021s] INFO:colcon.colcon_core.shell:Creating environment hook '/home/cat/ros_ws/build/rknn_pool_yolo/share/rknn_pool_yolo/hook/pythonpath_develop.ps1'
[2.022s] DEBUG:colcon.colcon_core.event_handler.log_command:Invoked command in '/home/cat/ros_ws/build/rknn_pool_yolo' returned '0': CONDA_PROMPT_MODIFIER=(convert310) PYTHONPATH=/home/cat/ros_ws/build/rknn_pool_yolo/prefix_override:/usr/lib/python3/dist-packages/colcon_core/task/python/colcon_distutils_commands:/home/cat/ros_ws/install/lib/python3.10/site-packages:${PYTHONPATH} /usr/bin/python3 -W ignore:setup.py install is deprecated -W ignore:easy_install command is deprecated setup.py develop --editable --build-directory /home/cat/ros_ws/build/rknn_pool_yolo/build --no-deps symlink_data
[2.023s] INFO:colcon.colcon_core.shell:Creating environment descriptor '/home/cat/ros_ws/build/rknn_pool_yolo/share/rknn_pool_yolo/hook/pythonpath_develop.dsv'
[2.024s] INFO:colcon.colcon_core.shell:Creating environment hook '/home/cat/ros_ws/build/rknn_pool_yolo/share/rknn_pool_yolo/hook/pythonpath_develop.sh'
[2.027s] Level 1:colcon.colcon_core.environment:checking '/home/cat/ros_ws/install' for CMake module files
[2.028s] Level 1:colcon.colcon_core.environment:checking '/home/cat/ros_ws/install' for CMake config files
[2.029s] Level 1:colcon.colcon_core.environment:checking '/home/cat/ros_ws/install/lib'
[2.029s] Level 1:colcon.colcon_core.environment:checking '/home/cat/ros_ws/install/bin'
[2.029s] Level 1:colcon.colcon_core.shell:create_environment_hook('rknn_pool_yolo', 'path')
[2.029s] INFO:colcon.colcon_core.shell:Creating environment hook '/home/cat/ros_ws/install/share/rknn_pool_yolo/hook/path.ps1'
[2.030s] INFO:colcon.colcon_core.shell:Creating environment descriptor '/home/cat/ros_ws/install/share/rknn_pool_yolo/hook/path.dsv'
[2.030s] INFO:colcon.colcon_core.shell:Creating environment hook '/home/cat/ros_ws/install/share/rknn_pool_yolo/hook/path.sh'
[2.031s] Level 1:colcon.colcon_core.environment:checking '/home/cat/ros_ws/install/lib/pkgconfig/rknn_pool_yolo.pc'
[2.031s] Level 1:colcon.colcon_core.environment:checking '/home/cat/ros_ws/install/lib/python3.10/site-packages'
[2.031s] Level 1:colcon.colcon_core.shell:create_environment_hook('rknn_pool_yolo', 'pythonpath')
[2.031s] INFO:colcon.colcon_core.shell:Creating environment hook '/home/cat/ros_ws/install/share/rknn_pool_yolo/hook/pythonpath.ps1'
[2.032s] INFO:colcon.colcon_core.shell:Creating environment descriptor '/home/cat/ros_ws/install/share/rknn_pool_yolo/hook/pythonpath.dsv'
[2.032s] INFO:colcon.colcon_core.shell:Creating environment hook '/home/cat/ros_ws/install/share/rknn_pool_yolo/hook/pythonpath.sh'
[2.034s] Level 1:colcon.colcon_core.environment:checking '/home/cat/ros_ws/install/bin'
[2.034s] Level 1:colcon.colcon_core.shell:create_environment_hook('rknn_pool_yolo', 'pythonscriptspath')
[2.034s] INFO:colcon.colcon_core.shell:Creating environment hook '/home/cat/ros_ws/install/share/rknn_pool_yolo/hook/pythonscriptspath.ps1'
[2.034s] INFO:colcon.colcon_core.shell:Creating environment descriptor '/home/cat/ros_ws/install/share/rknn_pool_yolo/hook/pythonscriptspath.dsv'
[2.035s] INFO:colcon.colcon_core.shell:Creating environment hook '/home/cat/ros_ws/install/share/rknn_pool_yolo/hook/pythonscriptspath.sh'
[2.035s] Level 1:colcon.colcon_core.environment:create_environment_scripts_only(rknn_pool_yolo)
[2.036s] INFO:colcon.colcon_core.shell:Creating package script '/home/cat/ros_ws/install/share/rknn_pool_yolo/package.ps1'
[2.037s] INFO:colcon.colcon_core.shell:Creating package descriptor '/home/cat/ros_ws/install/share/rknn_pool_yolo/package.dsv'
[2.038s] INFO:colcon.colcon_core.shell:Creating package script '/home/cat/ros_ws/install/share/rknn_pool_yolo/package.sh'
[2.039s] INFO:colcon.colcon_core.shell:Creating package script '/home/cat/ros_ws/install/share/rknn_pool_yolo/package.bash'
[2.040s] INFO:colcon.colcon_core.shell:Creating package script '/home/cat/ros_ws/install/share/rknn_pool_yolo/package.zsh'
[2.041s] Level 1:colcon.colcon_core.environment:create_file_with_runtime_dependencies(/home/cat/ros_ws/install/share/colcon-core/packages/rknn_pool_yolo)
[2.041s] DEBUG:colcon.colcon_parallel_executor.executor.parallel:closing loop
[2.042s] DEBUG:colcon.colcon_parallel_executor.executor.parallel:loop closed
[2.042s] DEBUG:colcon.colcon_parallel_executor.executor.parallel:run_until_complete finished with '0'
[2.042s] DEBUG:colcon.colcon_core.event_reactor:joining thread
[2.061s] INFO:colcon.colcon_core.plugin_system:Skipping extension 'colcon_notification.desktop_notification.terminal_notifier': Not used on non-Darwin systems
[2.062s] INFO:colcon.colcon_core.plugin_system:Skipping extension 'colcon_notification.desktop_notification.win32': Not used on non-Windows systems
[2.062s] INFO:colcon.colcon_notification.desktop_notification:Sending desktop notification using 'notify2'
[27.066s] DEBUG:colcon.colcon_notification.desktop_notification.notify2:Failed to initialize notify2: org.freedesktop.DBus.Error.NoReply: Did not receive a reply. Possible causes include: the remote application did not send a reply, the message bus security policy blocked the reply, the reply timeout expired, or the network connection was broken.
[27.066s] DEBUG:colcon.colcon_core.event_reactor:joined thread
[27.067s] INFO:colcon.colcon_core.shell:Creating prefix script '/home/cat/ros_ws/install/local_setup.ps1'
[27.069s] INFO:colcon.colcon_core.shell:Creating prefix util module '/home/cat/ros_ws/install/_local_setup_util_ps1.py'
[27.071s] INFO:colcon.colcon_core.shell:Creating prefix chain script '/home/cat/ros_ws/install/setup.ps1'
[27.074s] INFO:colcon.colcon_core.shell:Creating prefix script '/home/cat/ros_ws/install/local_setup.sh'
[27.074s] INFO:colcon.colcon_core.shell:Creating prefix util module '/home/cat/ros_ws/install/_local_setup_util_sh.py'
[27.075s] INFO:colcon.colcon_core.shell:Creating prefix chain script '/home/cat/ros_ws/install/setup.sh'
[27.077s] INFO:colcon.colcon_core.shell:Creating prefix script '/home/cat/ros_ws/install/local_setup.bash'
[27.078s] INFO:colcon.colcon_core.shell:Creating prefix chain script '/home/cat/ros_ws/install/setup.bash'
[27.079s] INFO:colcon.colcon_core.shell:Creating prefix script '/home/cat/ros_ws/install/local_setup.zsh'
[27.080s] INFO:colcon.colcon_core.shell:Creating prefix chain script '/home/cat/ros_ws/install/setup.zsh'
