running develop
running egg_info
creating rknn_pool_yolo.egg-info
writing rknn_pool_yolo.egg-info/PKG-INFO
writing dependency_links to rknn_pool_yolo.egg-info/dependency_links.txt
writing entry points to rknn_pool_yolo.egg-info/entry_points.txt
writing requirements to rknn_pool_yolo.egg-info/requires.txt
writing top-level names to rknn_pool_yolo.egg-info/top_level.txt
writing manifest file 'rknn_pool_yolo.egg-info/SOURCES.txt'
reading manifest file 'rknn_pool_yolo.egg-info/SOURCES.txt'
writing manifest file 'rknn_pool_yolo.egg-info/SOURCES.txt'
running build_ext
Creating /home/cat/ros_ws/install/lib/python3.10/site-packages/rknn-pool-yolo.egg-link (link to .)
Installing rknn_detector script to /home/cat/ros_ws/install/bin

Installed /home/cat/ros_ws/build/rknn_pool_yolo
running symlink_data
creating /home/cat/ros_ws/install/share/ament_index
creating /home/cat/ros_ws/install/share/ament_index/resource_index
creating /home/cat/ros_ws/install/share/ament_index/resource_index/packages
symbolically linking /home/cat/ros_ws/build/rknn_pool_yolo/resource/rknn_pool_yolo -> /home/cat/ros_ws/install/share/ament_index/resource_index/packages
symbolically linking /home/cat/ros_ws/build/rknn_pool_yolo/package.xml -> /home/cat/ros_ws/install/share/rknn_pool_yolo
creating /home/cat/ros_ws/install/share/rknn_pool_yolo/launch
symbolically linking /home/cat/ros_ws/build/rknn_pool_yolo/launch/rknn_detector.launch.py -> /home/cat/ros_ws/install/share/rknn_pool_yolo/launch
creating /home/cat/ros_ws/install/lib/rknn_pool_yolo
symbolically linking /home/cat/ros_ws/build/rknn_pool_yolo/scripts/rknn_detector -> /home/cat/ros_ws/install/lib/rknn_pool_yolo
