[0.153s] DEBUG:colcon:Command line arguments: ['/usr/bin/colcon', 'build', '--packages-select', 'imu_reader']
[0.153s] DEBUG:colcon:Parsed command line arguments: Namespace(log_base=None, log_level=None, verb_name='build', build_base='build', install_base='install', merge_install=<colcon_core.argument_default.BooleanDefaultValue object at 0xffffad346140>, symlink_install=<colcon_core.argument_default.BooleanDefaultValue object at 0xffffad37e800>, test_result_base=None, continue_on_error=False, executor='parallel', parallel_workers=8, event_handlers=None, ignore_user_meta=False, metas=['./colcon.meta'], base_paths=['.'], packages_ignore=None, packages_ignore_regex=None, paths=None, packages_up_to=None, packages_up_to_regex=None, packages_above=None, packages_above_and_dependencies=None, packages_above_depth=None, packages_select_by_dep=None, packages_skip_by_dep=None, packages_skip_up_to=None, packages_select_build_failed=False, packages_skip_build_finished=False, packages_select_test_failures=False, packages_skip_test_passed=False, packages_select=['imu_reader'], packages_skip=None, packages_select_regex=None, packages_skip_regex=None, packages_start=None, packages_end=None, allow_overriding=[], cmake_args=None, cmake_target=None, cmake_target_skip_unavailable=False, cmake_clean_cache=False, cmake_clean_first=False, cmake_force_configure=False, ament_cmake_args=None, catkin_cmake_args=None, catkin_skip_building_tests=False, verb_parser=<colcon_defaults.argument_parser.defaults.DefaultArgumentsDecorator object at 0xffffad2e21d0>, verb_extension=<colcon_core.verb.build.BuildVerb object at 0xffffad43b670>, main=<bound method BuildVerb.main of <colcon_core.verb.build.BuildVerb object at 0xffffad43b670>>)
[0.357s] Level 1:colcon.colcon_core.package_discovery:discover_packages(colcon_meta) check parameters
[0.357s] Level 1:colcon.colcon_core.package_discovery:discover_packages(recursive) check parameters
[0.357s] Level 1:colcon.colcon_core.package_discovery:discover_packages(ignore) check parameters
[0.357s] Level 1:colcon.colcon_core.package_discovery:discover_packages(path) check parameters
[0.357s] Level 1:colcon.colcon_core.package_discovery:discover_packages(colcon_meta) discover
[0.357s] Level 1:colcon.colcon_core.package_discovery:discover_packages(recursive) discover
[0.357s] INFO:colcon.colcon_core.package_discovery:Crawling recursively for packages in '/home/cat/ros_ws'
[0.357s] Level 1:colcon.colcon_core.package_identification:_identify(.) by extensions ['ignore', 'ignore_ament_install']
[0.358s] Level 1:colcon.colcon_core.package_identification:_identify(.) by extension 'ignore'
[0.358s] Level 1:colcon.colcon_core.package_identification:_identify(.) by extension 'ignore_ament_install'
[0.358s] Level 1:colcon.colcon_core.package_identification:_identify(.) by extensions ['colcon_pkg']
[0.358s] Level 1:colcon.colcon_core.package_identification:_identify(.) by extension 'colcon_pkg'
[0.358s] Level 1:colcon.colcon_core.package_identification:_identify(.) by extensions ['colcon_meta']
[0.358s] Level 1:colcon.colcon_core.package_identification:_identify(.) by extension 'colcon_meta'
[0.358s] Level 1:colcon.colcon_core.package_identification:_identify(.) by extensions ['ros']
[0.358s] Level 1:colcon.colcon_core.package_identification:_identify(.) by extension 'ros'
[0.377s] Level 1:colcon.colcon_core.package_identification:_identify(.) by extensions ['cmake', 'python']
[0.377s] Level 1:colcon.colcon_core.package_identification:_identify(.) by extension 'cmake'
[0.377s] Level 1:colcon.colcon_core.package_identification:_identify(.) by extension 'python'
[0.378s] Level 1:colcon.colcon_core.package_identification:_identify(.) by extensions ['python_setup_py']
[0.378s] Level 1:colcon.colcon_core.package_identification:_identify(.) by extension 'python_setup_py'
[0.378s] Level 1:colcon.colcon_core.package_identification:_identify(build) by extensions ['ignore', 'ignore_ament_install']
[0.378s] Level 1:colcon.colcon_core.package_identification:_identify(build) by extension 'ignore'
[0.378s] Level 1:colcon.colcon_core.package_identification:_identify(build) ignored
[0.378s] Level 1:colcon.colcon_core.package_identification:_identify(install) by extensions ['ignore', 'ignore_ament_install']
[0.378s] Level 1:colcon.colcon_core.package_identification:_identify(install) by extension 'ignore'
[0.378s] Level 1:colcon.colcon_core.package_identification:_identify(install) ignored
[0.379s] Level 1:colcon.colcon_core.package_identification:_identify(log) by extensions ['ignore', 'ignore_ament_install']
[0.379s] Level 1:colcon.colcon_core.package_identification:_identify(log) by extension 'ignore'
[0.379s] Level 1:colcon.colcon_core.package_identification:_identify(log) ignored
[0.379s] Level 1:colcon.colcon_core.package_identification:_identify(src) by extensions ['ignore', 'ignore_ament_install']
[0.379s] Level 1:colcon.colcon_core.package_identification:_identify(src) by extension 'ignore'
[0.379s] Level 1:colcon.colcon_core.package_identification:_identify(src) by extension 'ignore_ament_install'
[0.379s] Level 1:colcon.colcon_core.package_identification:_identify(src) by extensions ['colcon_pkg']
[0.379s] Level 1:colcon.colcon_core.package_identification:_identify(src) by extension 'colcon_pkg'
[0.379s] Level 1:colcon.colcon_core.package_identification:_identify(src) by extensions ['colcon_meta']
[0.379s] Level 1:colcon.colcon_core.package_identification:_identify(src) by extension 'colcon_meta'
[0.379s] Level 1:colcon.colcon_core.package_identification:_identify(src) by extensions ['ros']
[0.379s] Level 1:colcon.colcon_core.package_identification:_identify(src) by extension 'ros'
[0.379s] Level 1:colcon.colcon_core.package_identification:_identify(src) by extensions ['cmake', 'python']
[0.379s] Level 1:colcon.colcon_core.package_identification:_identify(src) by extension 'cmake'
[0.379s] Level 1:colcon.colcon_core.package_identification:_identify(src) by extension 'python'
[0.380s] Level 1:colcon.colcon_core.package_identification:_identify(src) by extensions ['python_setup_py']
[0.380s] Level 1:colcon.colcon_core.package_identification:_identify(src) by extension 'python_setup_py'
[0.380s] Level 1:colcon.colcon_core.package_identification:_identify(src/imu_reader) by extensions ['ignore', 'ignore_ament_install']
[0.380s] Level 1:colcon.colcon_core.package_identification:_identify(src/imu_reader) by extension 'ignore'
[0.380s] Level 1:colcon.colcon_core.package_identification:_identify(src/imu_reader) by extension 'ignore_ament_install'
[0.380s] Level 1:colcon.colcon_core.package_identification:_identify(src/imu_reader) by extensions ['colcon_pkg']
[0.380s] Level 1:colcon.colcon_core.package_identification:_identify(src/imu_reader) by extension 'colcon_pkg'
[0.380s] Level 1:colcon.colcon_core.package_identification:_identify(src/imu_reader) by extensions ['colcon_meta']
[0.380s] Level 1:colcon.colcon_core.package_identification:_identify(src/imu_reader) by extension 'colcon_meta'
[0.380s] Level 1:colcon.colcon_core.package_identification:_identify(src/imu_reader) by extensions ['ros']
[0.380s] Level 1:colcon.colcon_core.package_identification:_identify(src/imu_reader) by extension 'ros'
[0.384s] DEBUG:colcon.colcon_core.package_identification:Package 'src/imu_reader' with type 'ros.ament_cmake' and name 'imu_reader'
[0.384s] Level 1:colcon.colcon_core.package_identification:_identify(src/rknn_pool_yolo) by extensions ['ignore', 'ignore_ament_install']
[0.384s] Level 1:colcon.colcon_core.package_identification:_identify(src/rknn_pool_yolo) by extension 'ignore'
[0.384s] Level 1:colcon.colcon_core.package_identification:_identify(src/rknn_pool_yolo) by extension 'ignore_ament_install'
[0.385s] Level 1:colcon.colcon_core.package_identification:_identify(src/rknn_pool_yolo) by extensions ['colcon_pkg']
[0.385s] Level 1:colcon.colcon_core.package_identification:_identify(src/rknn_pool_yolo) by extension 'colcon_pkg'
[0.385s] Level 1:colcon.colcon_core.package_identification:_identify(src/rknn_pool_yolo) by extensions ['colcon_meta']
[0.385s] Level 1:colcon.colcon_core.package_identification:_identify(src/rknn_pool_yolo) by extension 'colcon_meta'
[0.385s] Level 1:colcon.colcon_core.package_identification:_identify(src/rknn_pool_yolo) by extensions ['ros']
[0.385s] Level 1:colcon.colcon_core.package_identification:_identify(src/rknn_pool_yolo) by extension 'ros'
[0.386s] DEBUG:colcon.colcon_core.package_identification:Package 'src/rknn_pool_yolo' with type 'ros.ament_python' and name 'rknn_pool_yolo'
[0.386s] Level 1:colcon.colcon_core.package_discovery:discover_packages(recursive) using defaults
[0.386s] Level 1:colcon.colcon_core.package_discovery:discover_packages(ignore) discover
[0.386s] Level 1:colcon.colcon_core.package_discovery:discover_packages(ignore) using defaults
[0.386s] Level 1:colcon.colcon_core.package_discovery:discover_packages(path) discover
[0.386s] Level 1:colcon.colcon_core.package_discovery:discover_packages(path) using defaults
[0.415s] INFO:colcon.colcon_core.package_selection:Skipping not selected package 'rknn_pool_yolo' in 'src/rknn_pool_yolo'
[0.416s] Level 1:colcon.colcon_core.package_discovery:discover_packages(prefix_path) check parameters
[0.416s] Level 1:colcon.colcon_core.package_discovery:discover_packages(prefix_path) discover
[0.419s] DEBUG:colcon.colcon_installed_package_information.package_discovery:Found 2 installed packages in /home/cat/ros_ws/install
[0.420s] DEBUG:colcon.colcon_installed_package_information.package_discovery:Found 183 installed packages in /opt/ros/humble
[0.421s] Level 1:colcon.colcon_core.package_discovery:discover_packages(prefix_path) using defaults
[0.484s] Level 5:colcon.colcon_core.verb:set package 'imu_reader' build argument 'cmake_args' from command line to 'None'
[0.484s] Level 5:colcon.colcon_core.verb:set package 'imu_reader' build argument 'cmake_target' from command line to 'None'
[0.484s] Level 5:colcon.colcon_core.verb:set package 'imu_reader' build argument 'cmake_target_skip_unavailable' from command line to 'False'
[0.484s] Level 5:colcon.colcon_core.verb:set package 'imu_reader' build argument 'cmake_clean_cache' from command line to 'False'
[0.484s] Level 5:colcon.colcon_core.verb:set package 'imu_reader' build argument 'cmake_clean_first' from command line to 'False'
[0.484s] Level 5:colcon.colcon_core.verb:set package 'imu_reader' build argument 'cmake_force_configure' from command line to 'False'
[0.484s] Level 5:colcon.colcon_core.verb:set package 'imu_reader' build argument 'ament_cmake_args' from command line to 'None'
[0.484s] Level 5:colcon.colcon_core.verb:set package 'imu_reader' build argument 'catkin_cmake_args' from command line to 'None'
[0.484s] Level 5:colcon.colcon_core.verb:set package 'imu_reader' build argument 'catkin_skip_building_tests' from command line to 'False'
[0.484s] DEBUG:colcon.colcon_core.verb:Building package 'imu_reader' with the following arguments: {'ament_cmake_args': None, 'build_base': '/home/cat/ros_ws/build/imu_reader', 'catkin_cmake_args': None, 'catkin_skip_building_tests': False, 'cmake_args': None, 'cmake_clean_cache': False, 'cmake_clean_first': False, 'cmake_force_configure': False, 'cmake_target': None, 'cmake_target_skip_unavailable': False, 'install_base': '/home/cat/ros_ws/install', 'merge_install': <colcon_core.argument_default.BooleanDefaultValue object at 0xffffad346140>, 'path': '/home/cat/ros_ws/src/imu_reader', 'symlink_install': <colcon_core.argument_default.BooleanDefaultValue object at 0xffffad37e800>, 'test_result_base': None}
[0.485s] INFO:colcon.colcon_core.executor:Executing jobs using 'parallel' executor
[0.486s] DEBUG:colcon.colcon_parallel_executor.executor.parallel:run_until_complete
[0.487s] INFO:colcon.colcon_ros.task.ament_cmake.build:Building ROS package in '/home/cat/ros_ws/src/imu_reader' with build type 'ament_cmake'
[0.487s] INFO:colcon.colcon_cmake.task.cmake.build:Building CMake package in '/home/cat/ros_ws/src/imu_reader'
[0.491s] INFO:colcon.colcon_core.plugin_system:Skipping extension 'colcon_core.shell.bat': Not used on non-Windows systems
[0.491s] INFO:colcon.colcon_core.shell:Skip shell extension 'powershell' for command environment: Not usable outside of PowerShell
[0.491s] DEBUG:colcon.colcon_core.shell:Skip shell extension 'dsv' for command environment
[0.509s] DEBUG:colcon.colcon_core.event_handler.log_command:Invoking command in '/home/cat/ros_ws/build/imu_reader': CMAKE_PREFIX_PATH=${CMAKE_PREFIX_PATH}:/opt/ros/humble CONDA_PROMPT_MODIFIER=(convert310) /usr/bin/cmake --build /home/cat/ros_ws/build/imu_reader -- -j8 -l8
[6.124s] DEBUG:colcon.colcon_core.event_handler.log_command:Invoked command in '/home/cat/ros_ws/build/imu_reader' returned '2': CMAKE_PREFIX_PATH=${CMAKE_PREFIX_PATH}:/opt/ros/humble CONDA_PROMPT_MODIFIER=(convert310) /usr/bin/cmake --build /home/cat/ros_ws/build/imu_reader -- -j8 -l8
[6.125s] Level 1:colcon.colcon_core.environment:create_environment_scripts_only(imu_reader)
[6.128s] Level 1:colcon.colcon_core.environment:checking '/home/cat/ros_ws/install' for CMake module files
[6.130s] Level 1:colcon.colcon_core.environment:checking '/home/cat/ros_ws/install' for CMake config files
[6.131s] Level 1:colcon.colcon_core.shell:create_environment_hook('imu_reader', 'cmake_prefix_path')
[6.131s] INFO:colcon.colcon_core.shell:Creating environment hook '/home/cat/ros_ws/install/share/imu_reader/hook/cmake_prefix_path.ps1'
[6.132s] INFO:colcon.colcon_core.shell:Creating environment descriptor '/home/cat/ros_ws/install/share/imu_reader/hook/cmake_prefix_path.dsv'
[6.133s] INFO:colcon.colcon_core.shell:Creating environment hook '/home/cat/ros_ws/install/share/imu_reader/hook/cmake_prefix_path.sh'
[6.135s] Level 1:colcon.colcon_core.environment:checking '/home/cat/ros_ws/install/lib'
[6.135s] Level 1:colcon.colcon_core.environment:checking '/home/cat/ros_ws/install/bin'
[6.135s] Level 1:colcon.colcon_core.shell:create_environment_hook('imu_reader', 'path')
[6.135s] INFO:colcon.colcon_core.shell:Creating environment hook '/home/cat/ros_ws/install/share/imu_reader/hook/path.ps1'
[6.136s] INFO:colcon.colcon_core.shell:Creating environment descriptor '/home/cat/ros_ws/install/share/imu_reader/hook/path.dsv'
[6.137s] INFO:colcon.colcon_core.shell:Creating environment hook '/home/cat/ros_ws/install/share/imu_reader/hook/path.sh'
[6.137s] Level 1:colcon.colcon_core.environment:checking '/home/cat/ros_ws/install/lib/pkgconfig/imu_reader.pc'
[6.138s] Level 1:colcon.colcon_core.environment:checking '/home/cat/ros_ws/install/lib/python3.10/site-packages'
[6.138s] Level 1:colcon.colcon_core.shell:create_environment_hook('imu_reader', 'pythonpath')
[6.138s] INFO:colcon.colcon_core.shell:Creating environment hook '/home/cat/ros_ws/install/share/imu_reader/hook/pythonpath.ps1'
[6.139s] INFO:colcon.colcon_core.shell:Creating environment descriptor '/home/cat/ros_ws/install/share/imu_reader/hook/pythonpath.dsv'
[6.139s] INFO:colcon.colcon_core.shell:Creating environment hook '/home/cat/ros_ws/install/share/imu_reader/hook/pythonpath.sh'
[6.140s] Level 1:colcon.colcon_core.environment:checking '/home/cat/ros_ws/install/bin'
[6.140s] Level 1:colcon.colcon_core.shell:create_environment_hook('imu_reader', 'pythonscriptspath')
[6.141s] INFO:colcon.colcon_core.shell:Creating environment hook '/home/cat/ros_ws/install/share/imu_reader/hook/pythonscriptspath.ps1'
[6.141s] INFO:colcon.colcon_core.shell:Creating environment descriptor '/home/cat/ros_ws/install/share/imu_reader/hook/pythonscriptspath.dsv'
[6.142s] INFO:colcon.colcon_core.shell:Creating environment hook '/home/cat/ros_ws/install/share/imu_reader/hook/pythonscriptspath.sh'
[6.143s] INFO:colcon.colcon_core.shell:Creating package script '/home/cat/ros_ws/install/share/imu_reader/package.ps1'
[6.144s] INFO:colcon.colcon_core.shell:Creating package descriptor '/home/cat/ros_ws/install/share/imu_reader/package.dsv'
[6.146s] INFO:colcon.colcon_core.shell:Creating package script '/home/cat/ros_ws/install/share/imu_reader/package.sh'
[6.147s] INFO:colcon.colcon_core.shell:Creating package script '/home/cat/ros_ws/install/share/imu_reader/package.bash'
[6.148s] INFO:colcon.colcon_core.shell:Creating package script '/home/cat/ros_ws/install/share/imu_reader/package.zsh'
[6.149s] Level 1:colcon.colcon_core.environment:create_file_with_runtime_dependencies(/home/cat/ros_ws/install/share/colcon-core/packages/imu_reader)
[6.160s] DEBUG:colcon.colcon_parallel_executor.executor.parallel:closing loop
[6.161s] DEBUG:colcon.colcon_parallel_executor.executor.parallel:loop closed
[6.161s] DEBUG:colcon.colcon_parallel_executor.executor.parallel:run_until_complete finished with '2'
[6.161s] DEBUG:colcon.colcon_core.event_reactor:joining thread
[6.182s] INFO:colcon.colcon_core.plugin_system:Skipping extension 'colcon_notification.desktop_notification.terminal_notifier': Not used on non-Darwin systems
[6.183s] INFO:colcon.colcon_core.plugin_system:Skipping extension 'colcon_notification.desktop_notification.win32': Not used on non-Windows systems
[6.183s] INFO:colcon.colcon_notification.desktop_notification:Sending desktop notification using 'notify2'
[31.209s] DEBUG:colcon.colcon_notification.desktop_notification.notify2:Failed to initialize notify2: org.freedesktop.DBus.Error.NoReply: Did not receive a reply. Possible causes include: the remote application did not send a reply, the message bus security policy blocked the reply, the reply timeout expired, or the network connection was broken.
[31.210s] DEBUG:colcon.colcon_core.event_reactor:joined thread
[31.210s] INFO:colcon.colcon_core.shell:Creating prefix script '/home/cat/ros_ws/install/local_setup.ps1'
[31.212s] INFO:colcon.colcon_core.shell:Creating prefix util module '/home/cat/ros_ws/install/_local_setup_util_ps1.py'
[31.214s] INFO:colcon.colcon_core.shell:Creating prefix chain script '/home/cat/ros_ws/install/setup.ps1'
[31.216s] INFO:colcon.colcon_core.shell:Creating prefix script '/home/cat/ros_ws/install/local_setup.sh'
[31.217s] INFO:colcon.colcon_core.shell:Creating prefix util module '/home/cat/ros_ws/install/_local_setup_util_sh.py'
[31.218s] INFO:colcon.colcon_core.shell:Creating prefix chain script '/home/cat/ros_ws/install/setup.sh'
[31.219s] INFO:colcon.colcon_core.shell:Creating prefix script '/home/cat/ros_ws/install/local_setup.bash'
[31.220s] INFO:colcon.colcon_core.shell:Creating prefix chain script '/home/cat/ros_ws/install/setup.bash'
[31.221s] INFO:colcon.colcon_core.shell:Creating prefix script '/home/cat/ros_ws/install/local_setup.zsh'
[31.222s] INFO:colcon.colcon_core.shell:Creating prefix chain script '/home/cat/ros_ws/install/setup.zsh'
