[0.020s] Invoking command in '/home/cat/ros_ws/build/imu_reader': CMAKE_PREFIX_PATH=${CMAKE_PREFIX_PATH}:/opt/ros/humble CONDA_PROMPT_MODIFIER=(convert310) /usr/bin/cmake /home/cat/ros_ws/src/imu_reader -DAMENT_CMAKE_SYMLINK_INSTALL=1 -DCMAKE_INSTALL_PREFIX=/home/cat/ros_ws/install
[0.135s] -- The C compiler identification is GNU 11.4.0
[0.280s] -- The CXX compiler identification is GNU 11.4.0
[0.292s] -- Detecting C compiler ABI info
[0.470s] -- Detecting C compiler ABI info - done
[0.481s] -- Check for working C compiler: /usr/bin/cc - skipped
[0.482s] -- Detecting C compile features
[0.482s] -- Detecting C compile features - done
[0.487s] -- Detecting CXX compiler ABI info
[0.695s] -- Detecting CXX compiler ABI info - done
[0.707s] -- Check for working CXX compiler: /usr/bin/c++ - skipped
[0.707s] -- Detecting CXX compile features
[0.708s] -- Detecting CXX compile features - done
[0.711s] -- Found ament_cmake: 1.3.12 (/opt/ros/humble/share/ament_cmake/cmake)
[1.538s] -- Found Python3: /home/cat/miniforge3/envs/convert310/bin/python3 (found version "3.10.18") found components: Interpreter 
[1.685s] -- Override CMake install command with custom implementation using symlinks instead of copying resources
[1.746s] -- Found rclcpp: 16.0.14 (/opt/ros/humble/share/rclcpp/cmake)
[1.797s] -- Found rosidl_generator_c: 3.1.7 (/opt/ros/humble/share/rosidl_generator_c/cmake)
[1.802s] -- Found rosidl_adapter: 3.1.7 (/opt/ros/humble/share/rosidl_adapter/cmake)
[1.813s] -- Found rosidl_generator_cpp: 3.1.7 (/opt/ros/humble/share/rosidl_generator_cpp/cmake)
[1.830s] -- Using all available rosidl_typesupport_c: rosidl_typesupport_fastrtps_c;rosidl_typesupport_introspection_c
[1.851s] -- Using all available rosidl_typesupport_cpp: rosidl_typesupport_fastrtps_cpp;rosidl_typesupport_introspection_cpp
[1.910s] -- Found rmw_implementation_cmake: 6.1.2 (/opt/ros/humble/share/rmw_implementation_cmake/cmake)
[1.912s] -- Found rmw_fastrtps_cpp: 6.2.8 (/opt/ros/humble/share/rmw_fastrtps_cpp/cmake)
[2.080s] -- Found OpenSSL: /usr/lib/aarch64-linux-gnu/libcrypto.so (found version "3.0.2")  
[2.121s] -- Found FastRTPS: /opt/ros/humble/include  
[2.180s] -- Using RMW implementation 'rmw_fastrtps_cpp' as default
[2.190s] -- Looking for pthread.h
[2.393s] -- Looking for pthread.h - found
[2.393s] -- Performing Test CMAKE_HAVE_LIBC_PTHREAD
[2.575s] -- Performing Test CMAKE_HAVE_LIBC_PTHREAD - Success
[2.576s] -- Found Threads: TRUE  
[2.707s] Traceback (most recent call last):
[2.707s]   File "/opt/ros/humble/share/ament_cmake_core/cmake/core/package_xml_2_cmake.py", line 22, in <module>
[2.708s]     from catkin_pkg.package import parse_package_string
[2.708s] ModuleNotFoundError: No module named 'catkin_pkg'
[2.715s] [31mCMake Error at /opt/ros/humble/share/ament_cmake_core/cmake/core/ament_package_xml.cmake:95 (message):
[2.716s]   execute_process(/home/cat/miniforge3/envs/convert310/bin/python3
[2.717s]   /opt/ros/humble/share/ament_cmake_core/cmake/core/package_xml_2_cmake.py
[2.717s]   /home/cat/ros_ws/src/imu_reader/package.xml
[2.717s]   /home/cat/ros_ws/build/imu_reader/ament_cmake_core/package.cmake) returned
[2.718s]   error code 1
[2.718s] Call Stack (most recent call first):
[2.718s]   /opt/ros/humble/share/ament_cmake_core/cmake/core/ament_package_xml.cmake:49 (_ament_package_xml)
[2.719s]   /opt/ros/humble/share/ament_cmake_core/cmake/core/ament_package.cmake:63 (ament_package_xml)
[2.719s]   CMakeLists.txt:15 (ament_package)
[2.720s] 
[2.720s] [0m
[2.720s] -- Configuring incomplete, errors occurred!
[2.721s] See also "/home/cat/ros_ws/build/imu_reader/CMakeFiles/CMakeOutput.log".
[2.739s] Invoked command in '/home/cat/ros_ws/build/imu_reader' returned '1': CMAKE_PREFIX_PATH=${CMAKE_PREFIX_PATH}:/opt/ros/humble CONDA_PROMPT_MODIFIER=(convert310) /usr/bin/cmake /home/cat/ros_ws/src/imu_reader -DAMENT_CMAKE_SYMLINK_INSTALL=1 -DCMAKE_INSTALL_PREFIX=/home/cat/ros_ws/install
