[0.020s] Invoking command in '/home/cat/ros_ws/build/imu_reader': CMAKE_PREFIX_PATH=${CMAKE_PREFIX_PATH}:/opt/ros/humble CONDA_PROMPT_MODIFIER=(convert310) /usr/bin/cmake /home/cat/ros_ws/src/imu_reader -DAMENT_CMAKE_SYMLINK_INSTALL=1 -DCMAKE_INSTALL_PREFIX=/home/cat/ros_ws/install
[0.052s] -- Found ament_cmake: 1.3.12 (/opt/ros/humble/share/ament_cmake/cmake)
[0.305s] -- Override CMake install command with custom implementation using symlinks instead of copying resources
[0.315s] -- Found rclcpp: 16.0.14 (/opt/ros/humble/share/rclcpp/cmake)
[0.355s] -- Found rosidl_generator_c: 3.1.7 (/opt/ros/humble/share/rosidl_generator_c/cmake)
[0.358s] -- Found rosidl_adapter: 3.1.7 (/opt/ros/humble/share/rosidl_adapter/cmake)
[0.367s] -- Found rosidl_generator_cpp: 3.1.7 (/opt/ros/humble/share/rosidl_generator_cpp/cmake)
[0.380s] -- Using all available rosidl_typesupport_c: rosidl_typesupport_fastrtps_c;rosidl_typesupport_introspection_c
[0.399s] -- Using all available rosidl_typesupport_cpp: rosidl_typesupport_fastrtps_cpp;rosidl_typesupport_introspection_cpp
[0.448s] -- Found rmw_implementation_cmake: 6.1.2 (/opt/ros/humble/share/rmw_implementation_cmake/cmake)
[0.449s] -- Found rmw_fastrtps_cpp: 6.2.8 (/opt/ros/humble/share/rmw_fastrtps_cpp/cmake)
[0.591s] -- Using RMW implementation 'rmw_fastrtps_cpp' as default
[0.868s] -- Configuring done
[0.882s] -- Generating done
[0.887s] -- Build files have been written to: /home/cat/ros_ws/build/imu_reader
[0.904s] Invoked command in '/home/cat/ros_ws/build/imu_reader' returned '0': CMAKE_PREFIX_PATH=${CMAKE_PREFIX_PATH}:/opt/ros/humble CONDA_PROMPT_MODIFIER=(convert310) /usr/bin/cmake /home/cat/ros_ws/src/imu_reader -DAMENT_CMAKE_SYMLINK_INSTALL=1 -DCMAKE_INSTALL_PREFIX=/home/cat/ros_ws/install
[0.910s] Invoking command in '/home/cat/ros_ws/build/imu_reader': CMAKE_PREFIX_PATH=${CMAKE_PREFIX_PATH}:/opt/ros/humble CONDA_PROMPT_MODIFIER=(convert310) /usr/bin/cmake --build /home/cat/ros_ws/build/imu_reader -- -j8 -l8
[1.061s] [ 50%] [32mBuilding CXX object CMakeFiles/imu_reader.dir/src/imu_reader.cpp.o[0m
[1.392s] [01m[K/home/cat/ros_ws/src/imu_reader/src/imu_reader.cpp:2:10:[m[K [01;31m[Kfatal error: [m[Ksensor_msgs/msg/imu.hpp: 没有那个文件或目录
[1.393s]     2 | #include [01;31m[K<sensor_msgs/msg/imu.hpp>[m[K
[1.394s]       |          [01;31m[K^~~~~~~~~~~~~~~~~~~~~~~~~[m[K
[1.394s] compilation terminated.
[1.398s] gmake[2]: *** [CMakeFiles/imu_reader.dir/build.make:76：CMakeFiles/imu_reader.dir/src/imu_reader.cpp.o] 错误 1
[1.399s] gmake[1]: *** [CMakeFiles/Makefile2:137：CMakeFiles/imu_reader.dir/all] 错误 2
[1.400s] gmake: *** [Makefile:146：all] 错误 2
[1.405s] Invoked command in '/home/cat/ros_ws/build/imu_reader' returned '2': CMAKE_PREFIX_PATH=${CMAKE_PREFIX_PATH}:/opt/ros/humble CONDA_PROMPT_MODIFIER=(convert310) /usr/bin/cmake --build /home/cat/ros_ws/build/imu_reader -- -j8 -l8
